<?xml version="1.0" encoding="UTF-8"?>
<!-- Generated by org.testng.reporters.JUnitReportReporter -->
<testsuite hostname="Saranya" failures="0" tests="1" name="qsp.Repotes" time="0.258" errors="0" timestamp="2023-05-27T15:32:37 IST" skipped="0">
  <testcase classname="qsp.Repotes" name="test1" time="0.258"/>
  <system-out/>
</testsuite> <!-- qsp.Repotes -->
